{
  "stats": {
    "suites": 1,
    "tests": 1,
    "passes": 1,
    "pending": 0,
    "failures": 0,
    "start": "2024-12-31T20:17:14.976Z",
    "end": "2024-12-31T20:17:24.019Z",
    "duration": 9043,
    "testsRegistered": 1,
    "passPercent": 100,
    "pendingPercent": 0,
    "other": 0,
    "hasOther": false,
    "skipped": 0,
    "hasSkipped": false
  },
  "results": [
    {
      "uuid": "412e2e64-5818-46b9-818f-fd8965fa83cb",
      "title": "",
      "fullFile": "cypress\\integration\\examples\\Test3.js",
      "file": "cypress\\integration\\examples\\Test3.js",
      "beforeHooks": [],
      "afterHooks": [],
      "tests": [],
      "suites": [
        {
          "uuid": "a241112b-d9d9-480c-896c-2a9bd802a667",
          "title": "My First Test Suite",
          "fullFile": "",
          "file": "",
          "beforeHooks": [],
          "afterHooks": [],
          "tests": [
            {
              "title": "My FirstTest case",
              "fullTitle": "My First Test Suite My FirstTest case",
              "timedOut": null,
              "duration": 5206,
              "state": "passed",
              "speed": "medium",
              "pass": true,
              "fail": false,
              "pending": false,
              "context": null,
              "code": "cy.visit(\"https://rahulshettyacademy.com/AutomationPractice/\");\n// cy.get('#checkBoxOption1').check().should('be.checked').and('have.value','option1')\n// cy.get('#checkBoxOption1').uncheck().should('not.be.checked')\n// cy.get('input[type=\"checkbox\"]').check(['option1','option3'])\n// cy.get('select').select('option2').should('have.value','option2')\n// cy.get('#autocomplete').type('ind')\n// cy.get(\".ui-menu-item div\").each(($el, index, $list)=>{\n//     if($el.text()===\"India\"){\n//         $el.click()\n//     }\n// })\n// cy.get(\"#autocomplete\").should(\"have.value\",\"India\")\n// cy.get('#show-textbox').click()\n// cy.get(\"#displayed-text\").should(\"be.visible\")\n// cy.get(\"#hide-textbox\").click()\n// cy.get(\"#displayed-text\").should(\"not.be.visible\")\n// cy.get(\"#show-textbox\").click()\n// cy.get(\"#displayed-text\").should(\"be.visible\")\ncy.get(\"[value='radio2']\").check().should(\"be.checked\");",
              "err": {},
              "uuid": "2a4e93c9-dc7b-4771-b7fb-70935168372d",
              "parentUUID": "a241112b-d9d9-480c-896c-2a9bd802a667",
              "isHook": false,
              "skipped": false
            }
          ],
          "suites": [],
          "passes": [
            "2a4e93c9-dc7b-4771-b7fb-70935168372d"
          ],
          "failures": [],
          "pending": [],
          "skipped": [],
          "duration": 5206,
          "root": false,
          "rootEmpty": false,
          "_timeout": 2000
        }
      ],
      "passes": [],
      "failures": [],
      "pending": [],
      "skipped": [],
      "duration": 0,
      "root": true,
      "rootEmpty": true,
      "_timeout": 2000
    }
  ],
  "meta": {
    "mocha": {
      "version": "7.0.1"
    },
    "mochawesome": {
      "options": {
        "quiet": false,
        "reportFilename": "mochawesome",
        "saveHtml": false,
        "saveJson": true,
        "consoleReporter": "spec",
        "useInlineDiffs": false,
        "code": true
      },
      "version": "7.1.3"
    },
    "marge": {
      "options": {
        "overwrite": false,
        "html": false,
        "json": true,
        "reportDir": "cypress\\reports\\html\\.jsons"
      },
      "version": "6.2.0"
    }
  }
}