{
  "stats": {
    "suites": 1,
    "tests": 1,
    "passes": 0,
    "pending": 0,
    "failures": 1,
    "start": "2024-12-31T20:18:01.846Z",
    "end": "2024-12-31T20:18:14.202Z",
    "duration": 12356,
    "testsRegistered": 1,
    "passPercent": 0,
    "pendingPercent": 0,
    "other": 0,
    "hasOther": false,
    "skipped": 0,
    "hasSkipped": false
  },
  "results": [
    {
      "uuid": "3a97e935-5d09-4896-adeb-ebef2d306885",
      "title": "",
      "fullFile": "cypress\\integration\\examples\\calenderHandling.js",
      "file": "cypress\\integration\\examples\\calenderHandling.js",
      "beforeHooks": [],
      "afterHooks": [],
      "tests": [],
      "suites": [
        {
          "uuid": "5e1dab45-9c6e-447e-99bf-b133d0c93280",
          "title": "My First Test Suite",
          "fullFile": "",
          "file": "",
          "beforeHooks": [],
          "afterHooks": [],
          "tests": [
            {
              "title": "My FirstTest case",
              "fullTitle": "My First Test Suite My FirstTest case",
              "timedOut": null,
              "duration": 8068,
              "state": "failed",
              "speed": null,
              "pass": false,
              "fail": true,
              "pending": false,
              "context": "{\n  \"title\": \"cypress-mochawesome-reporter-screenshots\",\n  \"value\": [\n    [\n      \"\\\\calenderHandling.js\\\\My First Test Suite -- My FirstTest case (failed).png\"\n    ]\n  ]\n}",
              "code": "cy.visit(\"https://rahulshettyacademy.com/seleniumPractise/#/offers\");\nconst monthNumber = '8';\nconst date = '5';\nconst year = '2025';\ncy.get('.react-date-picker__inputGroup').click();\ncy.get('.react-calendar__navigation__label__label').click();\ncy.get('.react-calendar__navigation__label__label').click();",
              "err": {
                "message": "AssertionError: Timed out retrying after 6000ms: Expected to find element: `.react-calendar__navigation__label__label`, but never found it.",
                "estack": "AssertionError: Timed out retrying after 6000ms: Expected to find element: `.react-calendar__navigation__label__label`, but never found it.\n    at Context.eval (webpack://cypresspractice/./cypress/integration/examples/calenderHandling.js:11:11)",
                "diff": null
              },
              "uuid": "24c6151a-3750-4a5e-8ca1-ba3e8319b50f",
              "parentUUID": "5e1dab45-9c6e-447e-99bf-b133d0c93280",
              "isHook": false,
              "skipped": false
            }
          ],
          "suites": [],
          "passes": [],
          "failures": [
            "24c6151a-3750-4a5e-8ca1-ba3e8319b50f"
          ],
          "pending": [],
          "skipped": [],
          "duration": 8068,
          "root": false,
          "rootEmpty": false,
          "_timeout": 2000
        }
      ],
      "passes": [],
      "failures": [],
      "pending": [],
      "skipped": [],
      "duration": 0,
      "root": true,
      "rootEmpty": true,
      "_timeout": 2000
    }
  ],
  "meta": {
    "mocha": {
      "version": "7.0.1"
    },
    "mochawesome": {
      "options": {
        "quiet": false,
        "reportFilename": "mochawesome",
        "saveHtml": false,
        "saveJson": true,
        "consoleReporter": "spec",
        "useInlineDiffs": false,
        "code": true
      },
      "version": "7.1.3"
    },
    "marge": {
      "options": {
        "overwrite": false,
        "html": false,
        "json": true,
        "reportDir": "cypress\\reports\\html\\.jsons"
      },
      "version": "6.2.0"
    }
  }
}