{
  "stats": {
    "suites": 1,
    "tests": 1,
    "passes": 1,
    "pending": 0,
    "failures": 0,
    "start": "2024-12-31T20:17:37.202Z",
    "end": "2024-12-31T20:17:51.974Z",
    "duration": 14772,
    "testsRegistered": 1,
    "passPercent": 100,
    "pendingPercent": 0,
    "other": 0,
    "hasOther": false,
    "skipped": 0,
    "hasSkipped": false
  },
  "results": [
    {
      "uuid": "0c882e8a-f9c8-42b7-b45f-90d435d315fc",
      "title": "",
      "fullFile": "cypress\\integration\\examples\\Test8Framework.js",
      "file": "cypress\\integration\\examples\\Test8Framework.js",
      "beforeHooks": [],
      "afterHooks": [],
      "tests": [],
      "suites": [
        {
          "uuid": "dadc23c3-518f-429e-af43-852c270e299f",
          "title": "End to End ecommerce test",
          "fullFile": "",
          "file": "",
          "beforeHooks": [],
          "afterHooks": [],
          "tests": [
            {
              "title": "Submit Order",
              "fullTitle": "End to End ecommerce test Submit Order",
              "timedOut": null,
              "duration": 11433,
              "state": "passed",
              "speed": "slow",
              "pass": true,
              "fail": false,
              "pending": false,
              "context": null,
              "code": "cy.visit(this.data.url);\nconst productPage = this.homePage.login(this.data.username, this.data.password);\nproductPage.pageValidation();\nproductPage.verifyCardLimit().should('have.length', 4);\nproductPage.selectProduct(this.data.productName);\nproductPage.selectFirstProduct(0);\nconst cartPage = productPage.gotToCart();\ncartPage.validateTheSumAmount().then(sum => {\n  expect(sum).to.be.lessThan(200000);\n});\nconst confirmationPage = cartPage.checkoutOrder();\nconfirmationPage.countryValidation();\nconfirmationPage.validateOrderConfirmation('India');",
              "err": {},
              "uuid": "53e9466b-d37c-4de2-a363-095271c398eb",
              "parentUUID": "dadc23c3-518f-429e-af43-852c270e299f",
              "isHook": false,
              "skipped": false
            }
          ],
          "suites": [],
          "passes": [
            "53e9466b-d37c-4de2-a363-095271c398eb"
          ],
          "failures": [],
          "pending": [],
          "skipped": [],
          "duration": 11433,
          "root": false,
          "rootEmpty": false,
          "_timeout": 2000
        }
      ],
      "passes": [],
      "failures": [],
      "pending": [],
      "skipped": [],
      "duration": 0,
      "root": true,
      "rootEmpty": true,
      "_timeout": 2000
    }
  ],
  "meta": {
    "mocha": {
      "version": "7.0.1"
    },
    "mochawesome": {
      "options": {
        "quiet": false,
        "reportFilename": "mochawesome",
        "saveHtml": false,
        "saveJson": true,
        "consoleReporter": "spec",
        "useInlineDiffs": false,
        "code": true
      },
      "version": "7.1.3"
    },
    "marge": {
      "options": {
        "overwrite": false,
        "html": false,
        "json": true,
        "reportDir": "cypress\\reports\\html\\.jsons"
      },
      "version": "6.2.0"
    }
  }
}